<?xml version="1.0" encoding="UTF-8"?>
<!-- Generated by org.testng.reporters.JUnitReportReporter -->
<testsuite skipped="0" hostname="DESKTOP-7QFNEJ0" name="com.mavendemo.scripts.LoginTest" tests="2" failures="0" timestamp="19 Feb 2018 13:53:13 GMT" time="83.664" errors="0">
  <testcase name="invalidLoginTest" time="12.086" classname="com.mavendemo.scripts.LoginTest"/>
  <testcase name="validLoginTest" time="71.578" classname="com.mavendemo.scripts.LoginTest"/>
</testsuite> <!-- com.mavendemo.scripts.LoginTest -->
