<?xml version="1.0" encoding="UTF-8"?>
<!-- Generated by org.testng.reporters.JUnitReportReporter -->
<testsuite skipped="0" hostname="DESKTOP-7QFNEJ0" name="com.mavendemo.scripts.LoginTest" tests="2" failures="0" timestamp="16 Sep 2018 07:14:04 GMT" time="66.364" errors="0">
  <testcase name="invalidLoginTest" time="37.230" classname="com.mavendemo.scripts.LoginTest"/>
  <testcase name="validLoginTest" time="29.134" classname="com.mavendemo.scripts.LoginTest"/>
</testsuite> <!-- com.mavendemo.scripts.LoginTest -->
